<?xml version="1.0" encoding="UTF-8"?>
<robot generator="Robot 6.0.2 (Python 3.11.2 on win32)" generated="20230312 22:24:15.820" rpa="false" schemaversion="3">
<suite id="s1" name="Agi Testes" source="C:\TesteAgibank\RobotFramework\WebTesting\agi_testes.robot">
<test id="s1-t1" name="Testes 1- Pesquisar um termo que aparece em vários artigos e verificar se os resultados retornados são relevantes e correspondem ao termo pesquisado" line="21">
<kw name="Open Browser" library="SeleniumLibrary">
<arg>${BLOGDOAGI_URL}</arg>
<arg>${BROWSER}</arg>
<doc>Opens a new browser instance to the optional ``url``.</doc>
<msg timestamp="20230312 22:24:15.987" level="INFO">Opening browser 'chrome' to base url 'https://blogdoagi.com.br/'.</msg>
<status status="PASS" starttime="20230312 22:24:15.987" endtime="20230312 22:24:18.284"/>
</kw>
<kw name="Maximize Browser Window" library="SeleniumLibrary">
<doc>Maximizes current browser window.</doc>
<status status="PASS" starttime="20230312 22:24:18.285" endtime="20230312 22:24:18.415"/>
</kw>
<kw name="Click Element" library="SeleniumLibrary">
<arg>//button[@id='search-open']</arg>
<doc>Click the element identified by ``locator``.</doc>
<msg timestamp="20230312 22:24:18.417" level="INFO">Clicking element '//button[@id='search-open']'.</msg>
<status status="PASS" starttime="20230312 22:24:18.415" endtime="20230312 22:24:18.495"/>
</kw>
<kw name="Wait Until Page Contains Element" library="SeleniumLibrary">
<arg>(//input[@name='s'])[1]</arg>
<arg>timeout=30s</arg>
<doc>Waits until the element ``locator`` appears on the current page.</doc>
<status status="PASS" starttime="20230312 22:24:18.496" endtime="20230312 22:24:18.512"/>
</kw>
<kw name="Input Search">
<kw name="Input Text" library="SeleniumLibrary">
<arg>(//input[contains(@placeholder,'Pesquisar …')])[1]</arg>
<arg>Sua carreira</arg>
<doc>Types the given ``text`` into the text field identified by ``locator``.</doc>
<msg timestamp="20230312 22:24:18.513" level="INFO">Typing text 'Sua carreira' into text field '(//input[contains(@placeholder,'Pesquisar …')])[1]'.</msg>
<status status="PASS" starttime="20230312 22:24:18.513" endtime="20230312 22:24:18.611"/>
</kw>
<kw name="Input Text" library="SeleniumLibrary">
<arg>(//input[contains(@placeholder,'Pesquisar …')])[1]</arg>
<arg>Quero a vaga</arg>
<doc>Types the given ``text`` into the text field identified by ``locator``.</doc>
<msg timestamp="20230312 22:24:18.611" level="INFO">Typing text 'Quero a vaga' into text field '(//input[contains(@placeholder,'Pesquisar …')])[1]'.</msg>
<status status="PASS" starttime="20230312 22:24:18.611" endtime="20230312 22:24:18.666"/>
</kw>
<status status="PASS" starttime="20230312 22:24:18.513" endtime="20230312 22:24:18.666"/>
</kw>
<kw name="Sleep" library="BuiltIn">
<arg>2</arg>
<doc>Pauses the test executed for the given time.</doc>
<msg timestamp="20230312 22:24:20.668" level="INFO">Slept 2 seconds</msg>
<status status="PASS" starttime="20230312 22:24:18.667" endtime="20230312 22:24:20.668"/>
</kw>
<kw name="Input Submit">
<kw name="Click Element" library="SeleniumLibrary">
<arg>(//input[contains(@type,'submit')])[1]</arg>
<doc>Click the element identified by ``locator``.</doc>
<msg timestamp="20230312 22:24:20.670" level="INFO">Clicking element '(//input[contains(@type,'submit')])[1]'.</msg>
<status status="PASS" starttime="20230312 22:24:20.668" endtime="20230312 22:24:20.995"/>
</kw>
<status status="PASS" starttime="20230312 22:24:20.668" endtime="20230312 22:24:20.996"/>
</kw>
<kw name="Close Browser" library="SeleniumLibrary">
<doc>Closes the current browser.</doc>
<status status="PASS" starttime="20230312 22:24:20.996" endtime="20230312 22:24:23.185"/>
</kw>
<status status="PASS" starttime="20230312 22:24:15.987" endtime="20230312 22:24:23.186"/>
</test>
<test id="s1-t2" name="Testes 2- Pesquisar um termo que não aparece em nenhum artigo e verificar se a mensagem &quot;Nenhum resultado encontrado&quot; é exibida" line="33">
<kw name="Open Browser" library="SeleniumLibrary">
<arg>${BLOGDOAGI_URL}</arg>
<arg>${BROWSER}</arg>
<doc>Opens a new browser instance to the optional ``url``.</doc>
<msg timestamp="20230312 22:24:23.188" level="INFO">Opening browser 'chrome' to base url 'https://blogdoagi.com.br/'.</msg>
<status status="PASS" starttime="20230312 22:24:23.188" endtime="20230312 22:24:25.385"/>
</kw>
<kw name="Maximize Browser Window" library="SeleniumLibrary">
<doc>Maximizes current browser window.</doc>
<status status="PASS" starttime="20230312 22:24:25.385" endtime="20230312 22:24:25.505"/>
</kw>
<kw name="Click Element" library="SeleniumLibrary">
<arg>//button[@id='search-open']</arg>
<doc>Click the element identified by ``locator``.</doc>
<msg timestamp="20230312 22:24:25.506" level="INFO">Clicking element '//button[@id='search-open']'.</msg>
<status status="PASS" starttime="20230312 22:24:25.505" endtime="20230312 22:24:25.584"/>
</kw>
<kw name="Wait Until Page Contains Element" library="SeleniumLibrary">
<arg>(//input[@name='s'])[1]</arg>
<arg>timeout=30s</arg>
<doc>Waits until the element ``locator`` appears on the current page.</doc>
<status status="PASS" starttime="20230312 22:24:25.585" endtime="20230312 22:24:25.601"/>
</kw>
<kw name="Input Search">
<kw name="Input Text" library="SeleniumLibrary">
<arg>(//input[contains(@placeholder,'Pesquisar …')])[1]</arg>
<arg>Sua carreira</arg>
<doc>Types the given ``text`` into the text field identified by ``locator``.</doc>
<msg timestamp="20230312 22:24:25.601" level="INFO">Typing text 'Sua carreira' into text field '(//input[contains(@placeholder,'Pesquisar …')])[1]'.</msg>
<status status="PASS" starttime="20230312 22:24:25.601" endtime="20230312 22:24:25.695"/>
</kw>
<kw name="Input Text" library="SeleniumLibrary">
<arg>(//input[contains(@placeholder,'Pesquisar …')])[1]</arg>
<arg>Quero a vaga</arg>
<doc>Types the given ``text`` into the text field identified by ``locator``.</doc>
<msg timestamp="20230312 22:24:25.697" level="INFO">Typing text 'Quero a vaga' into text field '(//input[contains(@placeholder,'Pesquisar …')])[1]'.</msg>
<status status="PASS" starttime="20230312 22:24:25.695" endtime="20230312 22:24:25.749"/>
</kw>
<status status="PASS" starttime="20230312 22:24:25.601" endtime="20230312 22:24:25.751"/>
</kw>
<kw name="Sleep" library="BuiltIn">
<arg>2</arg>
<doc>Pauses the test executed for the given time.</doc>
<msg timestamp="20230312 22:24:27.751" level="INFO">Slept 2 seconds</msg>
<status status="PASS" starttime="20230312 22:24:25.751" endtime="20230312 22:24:27.751"/>
</kw>
<kw name="Input Submit">
<kw name="Click Element" library="SeleniumLibrary">
<arg>(//input[contains(@type,'submit')])[1]</arg>
<doc>Click the element identified by ``locator``.</doc>
<msg timestamp="20230312 22:24:27.754" level="INFO">Clicking element '(//input[contains(@type,'submit')])[1]'.</msg>
<status status="PASS" starttime="20230312 22:24:27.753" endtime="20230312 22:24:28.081"/>
</kw>
<status status="PASS" starttime="20230312 22:24:27.753" endtime="20230312 22:24:28.081"/>
</kw>
<kw name="Close Browser" library="SeleniumLibrary">
<doc>Closes the current browser.</doc>
<status status="PASS" starttime="20230312 22:24:28.081" endtime="20230312 22:24:30.257"/>
</kw>
<status status="PASS" starttime="20230312 22:24:23.188" endtime="20230312 22:24:30.258"/>
</test>
<doc>Exemplo de teste em Robot Framework</doc>
<status status="PASS" starttime="20230312 22:24:15.837" endtime="20230312 22:24:30.262"/>
</suite>
<statistics>
<total>
<stat pass="2" fail="0" skip="0">All Tests</stat>
</total>
<tag>
</tag>
<suite>
<stat pass="2" fail="0" skip="0" id="s1" name="Agi Testes">Agi Testes</stat>
</suite>
</statistics>
<errors>
</errors>
</robot>
